#
# A fatal error has been detected by the Java Runtime Environment:
#
#  SIGSEGV (0xb) at pc=0x000000011420a9c6, pid=5901, tid=0x0000000000000307
#
# JRE version: Java(TM) SE Runtime Environment (8.0_172-b11) (build 1.8.0_172-b11)
# Java VM: Java HotSpot(TM) 64-Bit Server VM (25.172-b11 mixed mode bsd-amd64 compressed oops)
# Problematic frame:
# J 498 C2 java.lang.StringCoding.encode(Ljava/lang/String;[CII)[B (120 bytes) @ 0x000000011420a9c6 [0x000000011420a940+0x86]
#
# Failed to write core dump. Core dumps have been disabled. To enable core dumping, try "ulimit -c unlimited" before starting Java again
#
# If you would like to submit a bug report, please visit:
#   http://bugreport.java.com/bugreport/crash.jsp
#

---------------  T H R E A D  ---------------

Current thread (0x00000001035b7800):  JavaThread "main" [_thread_in_Java, id=775, stack(0x00007ffeef400000,0x00007ffeefc00000)]

siginfo: si_signo: 11 (SIGSEGV), si_code: 1 (SEGV_MAPERR), si_addr: 0x0000000129fbb220

Registers:
RAX=0x000000012449ae80, RBX=0x0000000000000010, RCX=0x00000000f4004152, RDX=0x00000007be378170
RSP=0x00007ffeefbf8590, RBP=0x00000000f4004163, RSI=0x00000007a0020bb0, RDI=0x00007ffeefbf8768
R8 =0x00000007a0020b18, R9 =0x00000007a0020bb0, R10=0x00000000f400415f, R11=0x0000000000000000
R12=0x0000000000000000, R13=0x0000000000000070, R14=0x00007ffeefbf8668, R15=0x00000001035b7800
RIP=0x000000011420a9c6, EFLAGS=0x0000000000000246, ERR=0x00000000020000b8
  TRAPNO=0x0000000000000085

Top of Stack: (sp=0x00007ffeefbf8590)
0x00007ffeefbf8590:   00007ffeefbf9860 00000007be378170
0x00007ffeefbf85a0:   00007ffe00000000 00007ffeefbf9824
0x00007ffeefbf85b0:   00007ffeefbf9df0 00007ffeefbf9860
0x00007ffeefbf85c0:   00007ffeefbf9850 00000001140b0b39
0x00007ffeefbf85d0:   00007ffeefbf8650 0000000113fbd040
0x00007ffeefbf85e0:   00007ffeefbf9830 0000000113fbd040
0x00007ffeefbf85f0:   0000000000000070 0000000000000000
0x00007ffeefbf8600:   00000007be378170 00000007a0020bb0
0x00007ffeefbf8610:   00007ffeefbf8610 00000001243793c7
0x00007ffeefbf8620:   00007ffeefbf8668 0000000124424ca0
0x00007ffeefbf8630:   000000012471c9e8 00000001243793d8
0x00007ffeefbf8640:   00007ffeefbf85f0 00007ffeefbf8660
0x00007ffeefbf8650:   00007ffeefbf86d0 0000000113fb57a7
0x00007ffeefbf8660:   00000007a0020bb0 00000007be378260
0x00007ffeefbf8670:   0000000100001fb3 000000000000000c
0x00007ffeefbf8680:   00000001035b7800 0000000000000002
0x00007ffeefbf8690:   0000000113fb571f 00000001243793d8
0x00007ffeefbf86a0:   00007ffeefbf8768 00007ffeefbf8b08
0x00007ffeefbf86b0:   000000010000000c 00000001243793d8
0x00007ffeefbf86c0:   0000000113fc8600 00007ffeefbf88b8
0x00007ffeefbf86d0:   00007ffeefbf8880 00000001132f0b3a
0x00007ffeefbf86e0:   00007ffe00000002 00000001035b7800
0x00007ffeefbf86f0:   00007ffeefbf99c0 00007ffeefbf8b08
0x00007ffeefbf8700:   00000001094a9d78 0000000113fc8600
0x00007ffeefbf8710:   01007ffeefbf9df0 00007ffeefbf88b0
0x00007ffeefbf8720:   00007ffeefbf8b00 00000001035b7800
0x00007ffeefbf8730:   00000001035b7800 000000010949f3c0
0x00007ffeefbf8740:   00000001094a9d30 00000001094a9d80
0x00007ffeefbf8750:   00000001094a9e18 00000000000000d8
0x00007ffeefbf8760:   00007ffeefbf8f60 00000001035b7800
0x00007ffeefbf8770:   00000001307b6440 00000001243793d8
0x00007ffeefbf8780:   00000007be378260 00007ffeefbf8c90 

Instructions: (pc=0x000000011420a9c6)
0x000000011420a9a6:   00 43 8b 6c d4 1c 45 8b 5c ec 08 41 81 fb 62 0b
0x000000011420a9b6:   00 f8 0f 85 0f 05 00 00 4d 8d 04 ec 45 8b 58 0c
0x000000011420a9c6:   47 8b 54 dc 08 49 8b 48 20 48 bb c0 10 00 a0 07
0x000000011420a9d6:   00 00 00 48 8b 5b 68 48 3b cb 0f 85 6b 04 00 00 

Register to memory mapping:

RAX={method} {0x000000012449ae80} 'encode' '(Ljava/lang/String;[CII)[B' in 'java/lang/StringCoding'
RBX=0x0000000000000010 is an unknown value
RCX=0x00000000f4004152 is an unknown value
RDX=0x00000007be378170 is an oop
[C 
 - klass: {type array char}
 - length: 112
RSP=0x00007ffeefbf8590 is pointing into the stack for thread: 0x00000001035b7800
RBP=0x00000000f4004163 is an unknown value
RSI=0x00000007a0020bb0 is an oop
java.lang.String 
 - klass: 'java/lang/String'
RDI=0x00007ffeefbf8768 is pointing into the stack for thread: 0x00000001035b7800
R8 =0x00000007a0020b18 is an oop
java.lang.ref.SoftReference 
 - klass: 'java/lang/ref/SoftReference'
R9 =0x00000007a0020bb0 is an oop
java.lang.String 
 - klass: 'java/lang/String'
R10=0x00000000f400415f is an unknown value
R11=0x0000000000000000 is an unknown value
R12=0x0000000000000000 is an unknown value
R13=0x0000000000000070 is an unknown value
R14=0x00007ffeefbf8668 is pointing into the stack for thread: 0x00000001035b7800
R15=0x00000001035b7800 is a thread


Stack: [0x00007ffeef400000,0x00007ffeefc00000],  sp=0x00007ffeefbf8590,  free space=8161k
Native frames: (J=compiled Java code, j=interpreted, Vv=VM code, C=native code)
J 498 C2 java.lang.StringCoding.encode(Ljava/lang/String;[CII)[B (120 bytes) @ 0x000000011420a9c6 [0x000000011420a940+0x86]
j  java.lang.String.getBytes(Ljava/lang/String;)[B+23
v  ~StubRoutines::call_stub
V  [libjvm.dylib+0x2f0b3a]
V  [libjvm.dylib+0x327e60]
V  [libjvm.dylib+0x317f1f]
C  [libjava.dylib+0xfe12]  JNU_GetStringPlatformChars+0x48b
C  [libjava.dylib+0x9f86]  Java_java_io_UnixFileSystem_getBooleanAttributes0+0x56
J 400  java.io.UnixFileSystem.getBooleanAttributes0(Ljava/io/File;)I (0 bytes) @ 0x00000001141aef7c [0x00000001141aeec0+0xbc]
J 539 C2 sun.misc.URLClassPath.getResource(Ljava/lang/String;Z)Lsun/misc/Resource; (83 bytes) @ 0x0000000114276df0 [0x00000001142756e0+0x1710]
J 462 C1 java.net.URLClassLoader$1.run()Ljava/lang/Class; (63 bytes) @ 0x00000001141e9eac [0x00000001141e9ca0+0x20c]
J 461 C1 java.net.URLClassLoader$1.run()Ljava/lang/Object; (5 bytes) @ 0x00000001141e77fc [0x00000001141e7780+0x7c]
v  ~StubRoutines::call_stub
V  [libjvm.dylib+0x2f0b3a]
V  [libjvm.dylib+0x351468]
J 440  java.security.AccessController.doPrivileged(Ljava/security/PrivilegedExceptionAction;Ljava/security/AccessControlContext;)Ljava/lang/Object; (0 bytes) @ 0x00000001141d2f55 [0x00000001141d2e80+0xd5]
J 421 C1 java.net.URLClassLoader.findClass(Ljava/lang/String;)Ljava/lang/Class; (47 bytes) @ 0x00000001141c9bd4 [0x00000001141c9a40+0x194]
J 83 C1 java.lang.ClassLoader.loadClass(Ljava/lang/String;Z)Ljava/lang/Class; (122 bytes) @ 0x00000001140eb004 [0x00000001140ea6a0+0x964]
J 468 C1 sun.misc.Launcher$AppClassLoader.loadClass(Ljava/lang/String;Z)Ljava/lang/Class; (85 bytes) @ 0x00000001141e8c64 [0x00000001141e82c0+0x9a4]
J 83 C1 java.lang.ClassLoader.loadClass(Ljava/lang/String;Z)Ljava/lang/Class; (122 bytes) @ 0x00000001140eadac [0x00000001140ea6a0+0x70c]
J 467 C1 java.lang.ClassLoader.loadClass(Ljava/lang/String;)Ljava/lang/Class; (7 bytes) @ 0x00000001141ef904 [0x00000001141ef800+0x104]
v  ~StubRoutines::call_stub
V  [libjvm.dylib+0x2f0b3a]
V  [libjvm.dylib+0x2f12de]
V  [libjvm.dylib+0x2f1436]
V  [libjvm.dylib+0x5417e6]
V  [libjvm.dylib+0x540fae]
V  [libjvm.dylib+0x541a02]
V  [libjvm.dylib+0x5420b5]
V  [libjvm.dylib+0x3491b1]
V  [libjvm.dylib+0x353866]
C  [libjava.dylib+0x195a]  Java_java_lang_Class_forName0+0x13f
J 476  java.lang.Class.forName0(Ljava/lang/String;ZLjava/lang/ClassLoader;Ljava/lang/Class;)Ljava/lang/Class; (0 bytes) @ 0x00000001141f0734 [0x00000001141f0640+0xf4]
J 924 C2 java.lang.Class.forName(Ljava/lang/String;ZLjava/lang/ClassLoader;)Ljava/lang/Class; (53 bytes) @ 0x0000000114415208 [0x00000001144151e0+0x28]
v  ~StubRoutines::call_stub
V  [libjvm.dylib+0x2f0b3a]
V  [libjvm.dylib+0x327ac9]
V  [libjvm.dylib+0x31e234]
C  [rJava.so+0x6f44]  findClass+0xb4
C  [rJava.so+0x704b]  createObject+0x3b
C  [rJava.so+0x4c3d]  RcreateObject+0x35d
C  [libR.dylib+0x8246d]  do_External+0x12d
C  [libR.dylib+0xb88de]  bcEval+0x49ce
C  [libR.dylib+0xb37db]  Rf_eval+0x1bb
C  [libR.dylib+0xc614c]  R_execClosure+0xbbc
C  [libR.dylib+0xb87f3]  bcEval+0x48e3
C  [libR.dylib+0xb37db]  Rf_eval+0x1bb
C  [libR.dylib+0xc614c]  R_execClosure+0xbbc
C  [libR.dylib+0xb3d0c]  Rf_eval+0x6ec
C  [libR.dylib+0xf6bda]  Rf_ReplIteration+0x31a
C  [libR.dylib+0xf81bf]  run_Rmainloop+0xcf
C  [rsession+0x8522f9]  _ZN7rstudio1r7session12runEmbeddedRERKNS_4core8FilePathES5_bb7SA_TYPERKNS1_9CallbacksEPNS1_17InternalCallbacksE+0x1a9
C  [rsession+0x8312fc]  _ZN7rstudio1r7session3runERKNS1_8ROptionsERKNS1_10RCallbacksE+0xc5c
C  [rsession+0x109063]  main+0x7123
C  [rsession+0x3cb4]  start+0x34
C  0x0000000000000009


---------------  P R O C E S S  ---------------

Java Threads: ( => current thread )
  0x00000001106a1800 JavaThread "Service Thread" daemon [_thread_blocked, id=18179, stack(0x0000700009b7a000,0x0000700009c7a000)]
  0x0000000111bc2800 JavaThread "C1 CompilerThread3" daemon [_thread_blocked, id=18435, stack(0x0000700009a77000,0x0000700009b77000)]
  0x000000010362e800 JavaThread "C2 CompilerThread2" daemon [_thread_blocked, id=15619, stack(0x0000700009974000,0x0000700009a74000)]
  0x00000001033d3000 JavaThread "C2 CompilerThread1" daemon [_thread_blocked, id=15107, stack(0x0000700009871000,0x0000700009971000)]
  0x0000000110311800 JavaThread "C2 CompilerThread0" daemon [_thread_blocked, id=14595, stack(0x000070000976e000,0x000070000986e000)]
  0x00000001102b3800 JavaThread "Signal Dispatcher" daemon [_thread_blocked, id=18691, stack(0x000070000966b000,0x000070000976b000)]
  0x0000000103378800 JavaThread "Finalizer" daemon [_thread_blocked, id=12291, stack(0x0000700009462000,0x0000700009562000)]
  0x00000001036e7000 JavaThread "Reference Handler" daemon [_thread_blocked, id=20995, stack(0x000070000935f000,0x000070000945f000)]
=>0x00000001035b7800 JavaThread "main" [_thread_in_Java, id=775, stack(0x00007ffeef400000,0x00007ffeefc00000)]

Other Threads:
  0x0000000108802000 VMThread [stack: 0x000070000925c000,0x000070000935c000] [id=21251]
  0x000000010a057000 WatcherThread [stack: 0x0000700009c7d000,0x0000700009d7d000] [id=17667]

VM state:not at safepoint (normal execution)

VM Mutex/Monitor currently owned by a thread: None

Heap:
 PSYoungGen      total 162816K, used 150168K [0x00000007b5580000, 0x00000007c0000000, 0x00000007c0000000)
  eden space 151040K, 96% used [0x00000007b5580000,0x00000007be4799d0,0x00000007be900000)
  from space 11776K, 31% used [0x00000007be900000,0x00000007becac8f0,0x00000007bf480000)
  to   space 11776K, 0% used [0x00000007bf480000,0x00000007bf480000,0x00000007c0000000)
 ParOldGen       total 132608K, used 74588K [0x00000007a0000000, 0x00000007a8180000, 0x00000007b5580000)
  object space 132608K, 56% used [0x00000007a0000000,0x00000007a48d7060,0x00000007a8180000)
 Metaspace       used 10316K, capacity 10604K, committed 10880K, reserved 1058816K
  class space    used 1203K, capacity 1280K, committed 1408K, reserved 1048576K

Card table byte_map: [0x000000010c278000,0x000000010c379000] byte_map_base: 0x0000000108578000

Marking Bits: (ParMarkBitMap*) 0x00000001138faae0
 Begin Bits: [0x0000000123375000, 0x0000000123b75000)
 End Bits:   [0x0000000123b75000, 0x0000000124375000)

Polling page: 0x0000000101f5d000

CodeCache: size=245760Kb used=4491Kb max_used=4736Kb free=241269Kb
 bounds [0x0000000113fb5000, 0x0000000114465000, 0x0000000122fb5000]
 total_blobs=1207 nmethods=929 adapters=192
 compilation: enabled

Compilation events (10 events):
Event: 3365.749 Thread 0x000000010362e800  989       4       java.util.HashMap$KeyIterator::next (8 bytes)
Event: 3365.751 Thread 0x000000010362e800 nmethod 989 0x000000011415cf10 code [0x000000011415d060, 0x000000011415d1d8]
Event: 3368.261 Thread 0x00000001033d3000  990       4       weka.core.Instances::<init> (264 bytes)
Event: 3368.303 Thread 0x00000001033d3000 nmethod 990 0x0000000114143e10 code [0x0000000114144140, 0x00000001141460b0]
Event: 3409.725 Thread 0x0000000111bc2800  991       3       weka.classifiers.trees.j48.C45PruneableClassifierTree::buildClassifier (80 bytes)
Event: 3409.726 Thread 0x0000000111bc2800 nmethod 991 0x00000001141c7250 code [0x00000001141c74c0, 0x00000001141c81c8]
Event: 3409.726 Thread 0x0000000111bc2800  992       3       weka.core.Instances::<init> (20 bytes)
Event: 3409.726 Thread 0x0000000111bc2800 nmethod 992 0x00000001140c6d90 code [0x00000001140c6f40, 0x00000001140c73f8]
Event: 3413.026 Thread 0x0000000110311800  993       4       weka.core.Capabilities::enable (75 bytes)
Event: 3413.054 Thread 0x0000000110311800 nmethod 993 0x00000001141cdb90 code [0x00000001141ce020, 0x00000001141d0078]

GC Heap History (10 events):
Event: 3415.432 GC heap before
{Heap before GC invocations=378 (full 15):
 PSYoungGen      total 161280K, used 158137K [0x00000007b5580000, 0x00000007c0000000, 0x00000007c0000000)
  eden space 149504K, 100% used [0x00000007b5580000,0x00000007be780000,0x00000007be780000)
  from space 11776K, 73% used [0x00000007bf380000,0x00000007bfbee508,0x00000007bff00000)
  to   space 12288K, 0% used [0x00000007be780000,0x00000007be780000,0x00000007bf380000)
 ParOldGen       total 132608K, used 50865K [0x00000007a0000000, 0x00000007a8180000, 0x00000007b5580000)
  object space 132608K, 38% used [0x00000007a0000000,0x00000007a31ac780,0x00000007a8180000)
 Metaspace       used 10316K, capacity 10604K, committed 10880K, reserved 1058816K
  class space    used 1203K, capacity 1280K, committed 1408K, reserved 1048576K
Event: 3415.434 GC heap after
Heap after GC invocations=378 (full 15):
 PSYoungGen      total 161792K, used 8459K [0x00000007b5580000, 0x00000007bff80000, 0x00000007c0000000)
  eden space 149504K, 0% used [0x00000007b5580000,0x00000007b5580000,0x00000007be780000)
  from space 12288K, 68% used [0x00000007be780000,0x00000007befc2da8,0x00000007bf380000)
  to   space 11776K, 0% used [0x00000007bf400000,0x00000007bf400000,0x00000007bff80000)
 ParOldGen       total 132608K, used 56973K [0x00000007a0000000, 0x00000007a8180000, 0x00000007b5580000)
  object space 132608K, 42% used [0x00000007a0000000,0x00000007a37a3550,0x00000007a8180000)
 Metaspace       used 10316K, capacity 10604K, committed 10880K, reserved 1058816K
  class space    used 1203K, capacity 1280K, committed 1408K, reserved 1048576K
}
Event: 3415.572 GC heap before
{Heap before GC invocations=379 (full 15):
 PSYoungGen      total 161792K, used 157963K [0x00000007b5580000, 0x00000007bff80000, 0x00000007c0000000)
  eden space 149504K, 100% used [0x00000007b5580000,0x00000007be780000,0x00000007be780000)
  from space 12288K, 68% used [0x00000007be780000,0x00000007befc2da8,0x00000007bf380000)
  to   space 11776K, 0% used [0x00000007bf400000,0x00000007bf400000,0x00000007bff80000)
 ParOldGen       total 132608K, used 56973K [0x00000007a0000000, 0x00000007a8180000, 0x00000007b5580000)
  object space 132608K, 42% used [0x00000007a0000000,0x00000007a37a3550,0x00000007a8180000)
 Metaspace       used 10316K, capacity 10604K, committed 10880K, reserved 1058816K
  class space    used 1203K, capacity 1280K, committed 1408K, reserved 1048576K
Event: 3415.574 GC heap after
Heap after GC invocations=379 (full 15):
 PSYoungGen      total 162304K, used 7194K [0x00000007b5580000, 0x00000007bff80000, 0x00000007c0000000)
  eden space 150528K, 0% used [0x00000007b5580000,0x00000007b5580000,0x00000007be880000)
  from space 11776K, 61% used [0x00000007bf400000,0x00000007bfb069c0,0x00000007bff80000)
  to   space 11776K, 0% used [0x00000007be880000,0x00000007be880000,0x00000007bf400000)
 ParOldGen       total 132608K, used 57805K [0x00000007a0000000, 0x00000007a8180000, 0x00000007b5580000)
  object space 132608K, 43% used [0x00000007a0000000,0x00000007a3873550,0x00000007a8180000)
 Metaspace       used 10316K, capacity 10604K, committed 10880K, reserved 1058816K
  class space    used 1203K, capacity 1280K, committed 1408K, reserved 1048576K
}
Event: 3415.689 GC heap before
{Heap before GC invocations=380 (full 15):
 PSYoungGen      total 162304K, used 157722K [0x00000007b5580000, 0x00000007bff80000, 0x00000007c0000000)
  eden space 150528K, 100% used [0x00000007b5580000,0x00000007be880000,0x00000007be880000)
  from space 11776K, 61% used [0x00000007bf400000,0x00000007bfb069c0,0x00000007bff80000)
  to   space 11776K, 0% used [0x00000007be880000,0x00000007be880000,0x00000007bf400000)
 ParOldGen       total 132608K, used 57805K [0x00000007a0000000, 0x00000007a8180000, 0x00000007b5580000)
  object space 132608K, 43% used [0x00000007a0000000,0x00000007a3873550,0x00000007a8180000)
 Metaspace       used 10316K, capacity 10604K, committed 10880K, reserved 1058816K
  class space    used 1203K, capacity 1280K, committed 1408K, reserved 1048576K
Event: 3415.691 GC heap after
Heap after GC invocations=380 (full 15):
 PSYoungGen      total 162304K, used 8553K [0x00000007b5580000, 0x00000007c0000000, 0x00000007c0000000)
  eden space 150528K, 0% used [0x00000007b5580000,0x00000007b5580000,0x00000007be880000)
  from space 11776K, 72% used [0x00000007be880000,0x00000007bf0da700,0x00000007bf400000)
  to   space 11776K, 0% used [0x00000007bf480000,0x00000007bf480000,0x00000007c0000000)
 ParOldGen       total 132608K, used 62516K [0x00000007a0000000, 0x00000007a8180000, 0x00000007b5580000)
  object space 132608K, 47% used [0x00000007a0000000,0x00000007a3d0d2f8,0x00000007a8180000)
 Metaspace       used 10316K, capacity 10604K, committed 10880K, reserved 1058816K
  class space    used 1203K, capacity 1280K, committed 1408K, reserved 1048576K
}
Event: 3415.798 GC heap before
{Heap before GC invocations=381 (full 15):
 PSYoungGen      total 162304K, used 159081K [0x00000007b5580000, 0x00000007c0000000, 0x00000007c0000000)
  eden space 150528K, 100% used [0x00000007b5580000,0x00000007be880000,0x00000007be880000)
  from space 11776K, 72% used [0x00000007be880000,0x00000007bf0da700,0x00000007bf400000)
  to   space 11776K, 0% used [0x00000007bf480000,0x00000007bf480000,0x00000007c0000000)
 ParOldGen       total 132608K, used 62516K [0x00000007a0000000, 0x00000007a8180000, 0x00000007b5580000)
  object space 132608K, 47% used [0x00000007a0000000,0x00000007a3d0d2f8,0x00000007a8180000)
 Metaspace       used 10316K, capacity 10604K, committed 10880K, reserved 1058816K
  class space    used 1203K, capacity 1280K, committed 1408K, reserved 1048576K
Event: 3415.801 GC heap after
Heap after GC invocations=381 (full 15):
 PSYoungGen      total 162816K, used 8522K [0x00000007b5580000, 0x00000007c0000000, 0x00000007c0000000)
  eden space 151040K, 0% used [0x00000007b5580000,0x00000007b5580000,0x00000007be900000)
  from space 11776K, 72% used [0x00000007bf480000,0x00000007bfcd2898,0x00000007c0000000)
  to   space 11776K, 0% used [0x00000007be900000,0x00000007be900000,0x00000007bf480000)
 ParOldGen       total 132608K, used 68544K [0x00000007a0000000, 0x00000007a8180000, 0x00000007b5580000)
  object space 132608K, 51% used [0x00000007a0000000,0x00000007a42f00d8,0x00000007a8180000)
 Metaspace       used 10316K, capacity 10604K, committed 10880K, reserved 1058816K
  class space    used 1203K, capacity 1280K, committed 1408K, reserved 1048576K
}
Event: 3415.913 GC heap before
{Heap before GC invocations=382 (full 15):
 PSYoungGen      total 162816K, used 159562K [0x00000007b5580000, 0x00000007c0000000, 0x00000007c0000000)
  eden space 151040K, 100% used [0x00000007b5580000,0x00000007be900000,0x00000007be900000)
  from space 11776K, 72% used [0x00000007bf480000,0x00000007bfcd2898,0x00000007c0000000)
  to   space 11776K, 0% used [0x00000007be900000,0x00000007be900000,0x00000007bf480000)
 ParOldGen       total 132608K, used 68544K [0x00000007a0000000, 0x00000007a8180000, 0x00000007b5580000)
  object space 132608K, 51% used [0x00000007a0000000,0x00000007a42f00d8,0x00000007a8180000)
 Metaspace       used 10316K, capacity 10604K, committed 10880K, reserved 1058816K
  class space    used 1203K, capacity 1280K, committed 1408K, reserved 1048576K
Event: 3415.915 GC heap after
Heap after GC invocations=382 (full 15):
 PSYoungGen      total 162816K, used 3762K [0x00000007b5580000, 0x00000007c0000000, 0x00000007c0000000)
  eden space 151040K, 0% used [0x00000007b5580000,0x00000007b5580000,0x00000007be900000)
  from space 11776K, 31% used [0x00000007be900000,0x00000007becac8f0,0x00000007bf480000)
  to   space 11776K, 0% used [0x00000007bf480000,0x00000007bf480000,0x00000007c0000000)
 ParOldGen       total 132608K, used 74588K [0x00000007a0000000, 0x00000007a8180000, 0x00000007b5580000)
  object space 132608K, 56% used [0x00000007a0000000,0x00000007a48d7060,0x00000007a8180000)
 Metaspace       used 10316K, capacity 10604K, committed 10880K, reserved 1058816K
  class space    used 1203K, capacity 1280K, committed 1408K, reserved 1048576K
}

Deoptimization events (10 events):
Event: 35.992 Thread 0x00000001035b7800 Uncommon trap: reason=unstable_if action=reinterpret pc=0x0000000114239a80 method=java.net.URLStreamHandler.parseURL(Ljava/net/URL;Ljava/lang/String;II)V @ 143
Event: 35.992 Thread 0x00000001035b7800 Uncommon trap: reason=class_check action=maybe_recompile pc=0x000000011420e608 method=java.io.FilterInputStream.read([B)I @ 5
Event: 35.992 Thread 0x00000001035b7800 Uncommon trap: reason=class_check action=maybe_recompile pc=0x000000011420e608 method=java.io.FilterInputStream.read([B)I @ 5
Event: 35.992 Thread 0x00000001035b7800 Uncommon trap: reason=class_check action=maybe_recompile pc=0x000000011420e608 method=java.io.FilterInputStream.read([B)I @ 5
Event: 35.992 Thread 0x00000001035b7800 Uncommon trap: reason=unstable_if action=reinterpret pc=0x0000000114230e20 method=java.io.File.getName()Ljava/lang/String; @ 16
Event: 35.992 Thread 0x00000001035b7800 Uncommon trap: reason=unstable_if action=reinterpret pc=0x0000000114220fa4 method=java.lang.String.substring(I)Ljava/lang/String; @ 35
Event: 36.058 Thread 0x00000001035b7800 Uncommon trap: reason=unstable_if action=reinterpret pc=0x00000001142723f4 method=weka.core.Utils.eq(DD)Z @ 3
Event: 36.058 Thread 0x00000001035b7800 Uncommon trap: reason=unstable_if action=reinterpret pc=0x00000001142943e0 method=weka.core.Utils.eq(DD)Z @ 3
Event: 2519.514 Thread 0x00000001035b7800 Uncommon trap: reason=unstable_if action=reinterpret pc=0x00000001143322a8 method=weka.classifiers.trees.j48.C45Split.handleNumericAttribute(Lweka/core/Instances;)V @ 328
Event: 2522.498 Thread 0x00000001035b7800 Uncommon trap: reason=unstable_if action=reinterpret pc=0x0000000114213d78 method=java.lang.ref.SoftReference.get()Ljava/lang/Object; @ 17

Classes redefined (0 events):
No events

Internal exceptions (10 events):
Event: 3414.734 Thread 0x00000001035b7800 Exception <a 'java/lang/NoSuchMethodError': objectForName> (0x00000007bb300198) thrown at [/Users/java_re/workspace/8-2-build-macosx-x86_64/jdk8u172/10810/hotspot/src/share/vm/prims/jni.cpp, line 1613]
Event: 3414.871 Thread 0x00000001035b7800 Exception <a 'java/lang/NoSuchMethodError': objectForName> (0x00000007bca29100) thrown at [/Users/java_re/workspace/8-2-build-macosx-x86_64/jdk8u172/10810/hotspot/src/share/vm/prims/jni.cpp, line 1613]
Event: 3414.996 Thread 0x00000001035b7800 Exception <a 'java/lang/NoSuchMethodError': objectForName> (0x00000007be323908) thrown at [/Users/java_re/workspace/8-2-build-macosx-x86_64/jdk8u172/10810/hotspot/src/share/vm/prims/jni.cpp, line 1613]
Event: 3415.111 Thread 0x00000001035b7800 Exception <a 'java/lang/NoSuchMethodError': objectForName> (0x00000007b6878498) thrown at [/Users/java_re/workspace/8-2-build-macosx-x86_64/jdk8u172/10810/hotspot/src/share/vm/prims/jni.cpp, line 1613]
Event: 3415.227 Thread 0x00000001035b7800 Exception <a 'java/lang/NoSuchMethodError': objectForName> (0x00000007b7f481e8) thrown at [/Users/java_re/workspace/8-2-build-macosx-x86_64/jdk8u172/10810/hotspot/src/share/vm/prims/jni.cpp, line 1613]
Event: 3415.350 Thread 0x00000001035b7800 Exception <a 'java/lang/NoSuchMethodError': objectForName> (0x00000007b951cb88) thrown at [/Users/java_re/workspace/8-2-build-macosx-x86_64/jdk8u172/10810/hotspot/src/share/vm/prims/jni.cpp, line 1613]
Event: 3415.490 Thread 0x00000001035b7800 Exception <a 'java/lang/NoSuchMethodError': objectForName> (0x00000007ba7e3a88) thrown at [/Users/java_re/workspace/8-2-build-macosx-x86_64/jdk8u172/10810/hotspot/src/share/vm/prims/jni.cpp, line 1613]
Event: 3415.612 Thread 0x00000001035b7800 Exception <a 'java/lang/NoSuchMethodError': objectForName> (0x00000007bbb06f18) thrown at [/Users/java_re/workspace/8-2-build-macosx-x86_64/jdk8u172/10810/hotspot/src/share/vm/prims/jni.cpp, line 1613]
Event: 3415.731 Thread 0x00000001035b7800 Exception <a 'java/lang/NoSuchMethodError': objectForName> (0x00000007bcd27188) thrown at [/Users/java_re/workspace/8-2-build-macosx-x86_64/jdk8u172/10810/hotspot/src/share/vm/prims/jni.cpp, line 1613]
Event: 3415.841 Thread 0x00000001035b7800 Exception <a 'java/lang/NoSuchMethodError': objectForName> (0x00000007bdea1460) thrown at [/Users/java_re/workspace/8-2-build-macosx-x86_64/jdk8u172/10810/hotspot/src/share/vm/prims/jni.cpp, line 1613]

Events (10 events):
Event: 3415.572 Executing VM operation: ParallelGCFailedAllocation
Event: 3415.574 Executing VM operation: ParallelGCFailedAllocation done
Event: 3415.689 Executing VM operation: ParallelGCFailedAllocation
Event: 3415.691 Executing VM operation: ParallelGCFailedAllocation done
Event: 3415.798 Executing VM operation: ParallelGCFailedAllocation
Event: 3415.801 Executing VM operation: ParallelGCFailedAllocation done
Event: 3415.913 Executing VM operation: ParallelGCFailedAllocation
Event: 3415.915 Executing VM operation: ParallelGCFailedAllocation done
Event: 3423.535 loading class weka/classifiers/Evaluation
Event: 3423.535 loading class weka/classifiers/Evaluation done


Dynamic libraries:
0x00007fff4d252000 	/System/Library/Frameworks/AppKit.framework/Versions/C/AppKit
0x000000010118a000 	/Library/Frameworks/R.framework/Resources/lib/libR.dylib
0x00007fff7a36a000 	/usr/lib/libSystem.B.dylib
0x00007fff7ccf3000 	/usr/lib/libz.1.dylib
0x00007fff50f9a000 	/System/Library/Frameworks/CoreServices.framework/Versions/A/CoreServices
0x00007fff7ca94000 	/usr/lib/libstdc++.6.dylib
0x00007fff4fcdd000 	/System/Library/Frameworks/CoreFoundation.framework/Versions/A/CoreFoundation
0x00007fff52062000 	/System/Library/Frameworks/Foundation.framework/Versions/C/Foundation
0x00007fff7be10000 	/usr/lib/libobjc.A.dylib
0x00007fff73550000 	/System/Library/PrivateFrameworks/RemoteViewServices.framework/Versions/A/RemoteViewServices
0x00007fff7803f000 	/System/Library/PrivateFrameworks/UIFoundation.framework/Versions/A/UIFoundation
0x00007fff797f1000 	/System/Library/PrivateFrameworks/XCTTargetBootstrap.framework/Versions/A/XCTTargetBootstrap
0x00007fff6e066000 	/System/Library/PrivateFrameworks/IconServices.framework/Versions/A/IconServices
0x00007fff5491d000 	/System/Library/Frameworks/Metal.framework/Versions/A/Metal
0x00007fff65270000 	/System/Library/PrivateFrameworks/DesktopServicesPriv.framework/Versions/A/DesktopServicesPriv
0x00007fff7b124000 	/usr/lib/libenergytrace.dylib
0x00007fff75db4000 	/System/Library/PrivateFrameworks/SkyLight.framework/Versions/A/SkyLight
0x00007fff5012c000 	/System/Library/Frameworks/CoreGraphics.framework/Versions/A/CoreGraphics
0x00007fff4c00d000 	/System/Library/Frameworks/Accelerate.framework/Versions/A/Accelerate
0x00007fff527eb000 	/System/Library/Frameworks/IOSurface.framework/Versions/A/IOSurface
0x00007fff4e0c4000 	/System/Library/Frameworks/ApplicationServices.framework/Versions/A/ApplicationServices
0x00007fff650d2000 	/System/Library/PrivateFrameworks/DFRFoundation.framework/Versions/A/DFRFoundation
0x00007fff4e5c9000 	/System/Library/Frameworks/AudioToolbox.framework/Versions/A/AudioToolbox
0x00007fff4e867000 	/System/Library/Frameworks/AudioUnit.framework/Versions/A/AudioUnit
0x00007fff4f851000 	/System/Library/Frameworks/CoreData.framework/Versions/A/CoreData
0x00007fff65169000 	/System/Library/PrivateFrameworks/DataDetectorsCore.framework/Versions/A/DataDetectorsCore
0x00007fff4efa6000 	/System/Library/Frameworks/Carbon.framework/Versions/A/Frameworks/HIToolbox.framework/Versions/A/HIToolbox
0x00007fff7b27f000 	/usr/lib/libicucore.A.dylib
0x00007fff5acbe000 	/System/Library/Frameworks/QuartzCore.framework/Versions/A/QuartzCore
0x00007fff5b764000 	/System/Library/Frameworks/Security.framework/Versions/A/Security
0x00007fff4f38d000 	/System/Library/Frameworks/Carbon.framework/Versions/A/Frameworks/SpeechRecognition.framework/Versions/A/SpeechRecognition
0x00007fff7a4cd000 	/usr/lib/libauto.dylib
0x00007fff7cbe6000 	/usr/lib/libxml2.2.dylib
0x00007fff64cd1000 	/System/Library/PrivateFrameworks/CoreUI.framework/Versions/A/CoreUI
0x00007fff4f72f000 	/System/Library/Frameworks/CoreAudio.framework/Versions/A/CoreAudio
0x00007fff51e94000 	/System/Library/Frameworks/DiskArbitration.framework/Versions/A/DiskArbitration
0x00007fff7b52f000 	/usr/lib/liblangid.dylib
0x00007fff6f512000 	/System/Library/PrivateFrameworks/MultitouchSupport.framework/Versions/A/MultitouchSupport
0x00007fff52757000 	/System/Library/Frameworks/IOKit.framework/Versions/A/IOKit
0x00007fff79fb8000 	/usr/lib/libDiagnosticMessagesClient.dylib
0x00007fff71241000 	/System/Library/PrivateFrameworks/PerformanceAnalysis.framework/Versions/A/PerformanceAnalysis
0x00007fff59e53000 	/System/Library/Frameworks/OpenGL.framework/Versions/A/OpenGL
0x00007fff4f4c8000 	/System/Library/Frameworks/ColorSync.framework/Versions/A/ColorSync
0x00007fff507bb000 	/System/Library/Frameworks/CoreImage.framework/Versions/A/CoreImage
0x00007fff519dd000 	/System/Library/Frameworks/CoreText.framework/Versions/A/CoreText
0x00007fff5284c000 	/System/Library/Frameworks/ImageIO.framework/Versions/A/ImageIO
0x00007fff6132a000 	/System/Library/PrivateFrameworks/Backup.framework/Versions/A/Backup
0x00007fff7a420000 	/usr/lib/libarchive.2.dylib
0x00007fff4ebcb000 	/System/Library/Frameworks/CFNetwork.framework/Versions/A/CFNetwork
0x00007fff5bf0d000 	/System/Library/Frameworks/SystemConfiguration.framework/Versions/A/SystemConfiguration
0x00007fff79ee1000 	/usr/lib/libCRFSuite.dylib
0x00007fff7a5c4000 	/usr/lib/libc++.1.dylib
0x00007fff7a61c000 	/usr/lib/libc++abi.dylib
0x00007fff7cd76000 	/usr/lib/system/libcache.dylib
0x00007fff7cd7b000 	/usr/lib/system/libcommonCrypto.dylib
0x00007fff7cd86000 	/usr/lib/system/libcompiler_rt.dylib
0x00007fff7cd8e000 	/usr/lib/system/libcopyfile.dylib
0x00007fff7cd98000 	/usr/lib/system/libcorecrypto.dylib
0x00007fff7cea3000 	/usr/lib/system/libdispatch.dylib
0x00007fff7cede000 	/usr/lib/system/libdyld.dylib
0x00007fff7cf0e000 	/usr/lib/system/libkeymgr.dylib
0x00007fff7cf1c000 	/usr/lib/system/liblaunch.dylib
0x00007fff7cf1d000 	/usr/lib/system/libmacho.dylib
0x00007fff7cf23000 	/usr/lib/system/libquarantine.dylib
0x00007fff7cf26000 	/usr/lib/system/libremovefile.dylib
0x00007fff7cf28000 	/usr/lib/system/libsystem_asl.dylib
0x00007fff7cf40000 	/usr/lib/system/libsystem_blocks.dylib
0x00007fff7cf41000 	/usr/lib/system/libsystem_c.dylib
0x00007fff7cfca000 	/usr/lib/system/libsystem_configuration.dylib
0x00007fff7cfce000 	/usr/lib/system/libsystem_coreservices.dylib
0x00007fff7cfd2000 	/usr/lib/system/libsystem_darwin.dylib
0x00007fff7cfd9000 	/usr/lib/system/libsystem_dnssd.dylib
0x00007fff7cfe0000 	/usr/lib/system/libsystem_info.dylib
0x00007fff7d055000 	/usr/lib/system/libsystem_m.dylib
0x00007fff7d0a1000 	/usr/lib/system/libsystem_malloc.dylib
0x00007fff7d0c6000 	/usr/lib/system/libsystem_networkextension.dylib
0x00007fff7d0d2000 	/usr/lib/system/libsystem_notify.dylib
0x00007fff7d0ef000 	/usr/lib/system/libsystem_sandbox.dylib
0x00007fff7d0f3000 	/usr/lib/system/libsystem_secinit.dylib
0x00007fff7d02d000 	/usr/lib/system/libsystem_kernel.dylib
0x00007fff7d0da000 	/usr/lib/system/libsystem_platform.dylib
0x00007fff7d0e4000 	/usr/lib/system/libsystem_pthread.dylib
0x00007fff7d0f6000 	/usr/lib/system/libsystem_symptoms.dylib
0x00007fff7d0fe000 	/usr/lib/system/libsystem_trace.dylib
0x00007fff7d115000 	/usr/lib/system/libunwind.dylib
0x00007fff7d11b000 	/usr/lib/system/libxpc.dylib
0x00007fff7a5a4000 	/usr/lib/libbsm.0.dylib
0x00007fff7cf0f000 	/usr/lib/system/libkxld.dylib
0x00007fff605d8000 	/System/Library/PrivateFrameworks/AppleFSCompression.framework/Versions/A/AppleFSCompression
0x00007fff7a229000 	/usr/lib/libOpenScriptingUtil.dylib
0x00007fff7a907000 	/usr/lib/libcoretls.dylib
0x00007fff7a91e000 	/usr/lib/libcoretls_cfhelpers.dylib
0x00007fff7c5a9000 	/usr/lib/libpam.2.dylib
0x00007fff7c76c000 	/usr/lib/libsqlite3.dylib
0x00007fff7cbd4000 	/usr/lib/libxar.1.dylib
0x00007fff7a5b5000 	/usr/lib/libbz2.1.0.dylib
0x00007fff7b531000 	/usr/lib/liblzma.5.dylib
0x00007fff7ba27000 	/usr/lib/libnetwork.dylib
0x00007fff7a409000 	/usr/lib/libapple_nghttp2.dylib
0x00007fff7c5b0000 	/usr/lib/libpcap.A.dylib
0x00007fff5133e000 	/System/Library/Frameworks/CoreServices.framework/Versions/A/Frameworks/FSEvents.framework/Versions/A/FSEvents
0x00007fff5101a000 	/System/Library/Frameworks/CoreServices.framework/Versions/A/Frameworks/CarbonCore.framework/Versions/A/CarbonCore
0x00007fff51513000 	/System/Library/Frameworks/CoreServices.framework/Versions/A/Frameworks/Metadata.framework/Versions/A/Metadata
0x00007fff515b6000 	/System/Library/Frameworks/CoreServices.framework/Versions/A/Frameworks/OSServices.framework/Versions/A/OSServices
0x00007fff51602000 	/System/Library/Frameworks/CoreServices.framework/Versions/A/Frameworks/SearchKit.framework/Versions/A/SearchKit
0x00007fff50f9b000 	/System/Library/Frameworks/CoreServices.framework/Versions/A/Frameworks/AE.framework/Versions/A/AE
0x00007fff51347000 	/System/Library/Frameworks/CoreServices.framework/Versions/A/Frameworks/LaunchServices.framework/Versions/A/LaunchServices
0x00007fff512f3000 	/System/Library/Frameworks/CoreServices.framework/Versions/A/Frameworks/DictionaryServices.framework/Versions/A/DictionaryServices
0x00007fff51671000 	/System/Library/Frameworks/CoreServices.framework/Versions/A/Frameworks/SharedFileList.framework/Versions/A/SharedFileList
0x00007fff55de4000 	/System/Library/Frameworks/NetFS.framework/Versions/A/NetFS
0x00007fff6f7af000 	/System/Library/PrivateFrameworks/NetAuth.framework/Versions/A/NetAuth
0x00007fff79c25000 	/System/Library/PrivateFrameworks/login.framework/Versions/A/Frameworks/loginsupport.framework/Versions/A/loginsupport
0x00007fff77c38000 	/System/Library/PrivateFrameworks/TCC.framework/Versions/A/TCC
0x00007fff642f4000 	/System/Library/PrivateFrameworks/CoreNLP.framework/Versions/A/CoreNLP
0x00007fff6f204000 	/System/Library/PrivateFrameworks/MetadataUtilities.framework/Versions/A/MetadataUtilities
0x00007fff7b612000 	/usr/lib/libmecabra.dylib
0x00007fff4e0c5000 	/System/Library/Frameworks/ApplicationServices.framework/Versions/A/Frameworks/ATS.framework/Versions/A/ATS
0x00007fff4e430000 	/System/Library/Frameworks/ApplicationServices.framework/Versions/A/Frameworks/ColorSyncLegacy.framework/Versions/A/ColorSyncLegacy
0x00007fff4e4d1000 	/System/Library/Frameworks/ApplicationServices.framework/Versions/A/Frameworks/HIServices.framework/Versions/A/HIServices
0x00007fff4e524000 	/System/Library/Frameworks/ApplicationServices.framework/Versions/A/Frameworks/LangAnalysis.framework/Versions/A/LangAnalysis
0x00007fff4e533000 	/System/Library/Frameworks/ApplicationServices.framework/Versions/A/Frameworks/PrintCore.framework/Versions/A/PrintCore
0x00007fff4e580000 	/System/Library/Frameworks/ApplicationServices.framework/Versions/A/Frameworks/QD.framework/Versions/A/QD
0x00007fff4e5bc000 	/System/Library/Frameworks/ApplicationServices.framework/Versions/A/Frameworks/SpeechSynthesis.framework/Versions/A/SpeechSynthesis
0x00007fff7a644000 	/usr/lib/libcompression.dylib
0x00007fff4fbf3000 	/System/Library/Frameworks/CoreDisplay.framework/Versions/A/CoreDisplay
0x00007fff54be5000 	/System/Library/Frameworks/MetalPerformanceShaders.framework/Versions/A/MetalPerformanceShaders
0x00007fff4c025000 	/System/Library/Frameworks/Accelerate.framework/Versions/A/Frameworks/vImage.framework/Versions/A/vImage
0x00007fff4d0a1000 	/System/Library/Frameworks/Accelerate.framework/Versions/A/Frameworks/vecLib.framework/Versions/A/vecLib
0x00007fff4cfeb000 	/System/Library/Frameworks/Accelerate.framework/Versions/A/Frameworks/vecLib.framework/Versions/A/libvMisc.dylib
0x00007fff4ce06000 	/System/Library/Frameworks/Accelerate.framework/Versions/A/Frameworks/vecLib.framework/Versions/A/libvDSP.dylib
0x00007fff4c6c6000 	/System/Library/Frameworks/Accelerate.framework/Versions/A/Frameworks/vecLib.framework/Versions/A/libBLAS.dylib
0x00007fff4c9b1000 	/System/Library/Frameworks/Accelerate.framework/Versions/A/Frameworks/vecLib.framework/Versions/A/libLAPACK.dylib
0x00007fff4cd58000 	/System/Library/Frameworks/Accelerate.framework/Versions/A/Frameworks/vecLib.framework/Versions/A/libLinearAlgebra.dylib
0x00007fff4cdf2000 	/System/Library/Frameworks/Accelerate.framework/Versions/A/Frameworks/vecLib.framework/Versions/A/libSparseBLAS.dylib
0x00007fff4cd6e000 	/System/Library/Frameworks/Accelerate.framework/Versions/A/Frameworks/vecLib.framework/Versions/A/libQuadrature.dylib
0x00007fff4c93e000 	/System/Library/Frameworks/Accelerate.framework/Versions/A/Frameworks/vecLib.framework/Versions/A/libBNNS.dylib
0x00007fff4cd74000 	/System/Library/Frameworks/Accelerate.framework/Versions/A/Frameworks/vecLib.framework/Versions/A/libSparse.dylib
0x00007fff6b801000 	/System/Library/PrivateFrameworks/GPUWrangler.framework/Versions/A/GPUWrangler
0x00007fff6dc2d000 	/System/Library/PrivateFrameworks/IOAccelerator.framework/Versions/A/IOAccelerator
0x00007fff6dc38000 	/System/Library/PrivateFrameworks/IOPresentment.framework/Versions/A/IOPresentment
0x00007fff650e2000 	/System/Library/PrivateFrameworks/DSExternalDisplay.framework/Versions/A/DSExternalDisplay
0x00007fff59298000 	/System/Library/Frameworks/OpenGL.framework/Versions/A/Libraries/libCoreFSCache.dylib
0x00007fff549cd000 	/System/Library/Frameworks/MetalPerformanceShaders.framework/Frameworks/MPSCore.framework/Versions/A/MPSCore
0x00007fff549ee000 	/System/Library/Frameworks/MetalPerformanceShaders.framework/Frameworks/MPSImage.framework/Versions/A/MPSImage
0x00007fff54a96000 	/System/Library/Frameworks/MetalPerformanceShaders.framework/Frameworks/MPSNeuralNetwork.framework/Versions/A/MPSNeuralNetwork
0x00007fff54a6d000 	/System/Library/Frameworks/MetalPerformanceShaders.framework/Frameworks/MPSMatrix.framework/Versions/A/MPSMatrix
0x00007fff54bc9000 	/System/Library/Frameworks/MetalPerformanceShaders.framework/Frameworks/MPSRayIntersector.framework/Versions/A/MPSRayIntersector
0x00007fff6f22d000 	/System/Library/PrivateFrameworks/MetalTools.framework/Versions/A/MetalTools
0x00007fff5fcd3000 	/System/Library/PrivateFrameworks/AggregateDictionary.framework/Versions/A/AggregateDictionary
0x00007fff7a209000 	/usr/lib/libMobileGestalt.dylib
0x00007fff51b43000 	/System/Library/Frameworks/CoreVideo.framework/Versions/A/CoreVideo
0x00007fff6c66c000 	/System/Library/PrivateFrameworks/GraphVisualizer.framework/Versions/A/GraphVisualizer
0x00007fff66411000 	/System/Library/PrivateFrameworks/FaceCore.framework/Versions/A/FaceCore
0x00007fff588b0000 	/System/Library/Frameworks/OpenCL.framework/Versions/A/OpenCL
0x00007fff79ff0000 	/usr/lib/libFosl_dynamic.dylib
0x00007fff70085000 	/System/Library/PrivateFrameworks/OTSVG.framework/Versions/A/OTSVG
0x00007fff4e1c9000 	/System/Library/Frameworks/ApplicationServices.framework/Versions/A/Frameworks/ATS.framework/Versions/A/Resources/libFontParser.dylib
0x00007fff4e2e9000 	/System/Library/Frameworks/ApplicationServices.framework/Versions/A/Frameworks/ATS.framework/Versions/A/Resources/libFontRegistry.dylib
0x00007fff52ad6000 	/System/Library/Frameworks/ImageIO.framework/Versions/A/Resources/libJPEG.dylib
0x00007fff52df8000 	/System/Library/Frameworks/ImageIO.framework/Versions/A/Resources/libTIFF.dylib
0x00007fff52dce000 	/System/Library/Frameworks/ImageIO.framework/Versions/A/Resources/libPng.dylib
0x00007fff529eb000 	/System/Library/Frameworks/ImageIO.framework/Versions/A/Resources/libGIF.dylib
0x00007fff529f0000 	/System/Library/Frameworks/ImageIO.framework/Versions/A/Resources/libJP2.dylib
0x00007fff52df5000 	/System/Library/Frameworks/ImageIO.framework/Versions/A/Resources/libRadiance.dylib
0x00007fff60731000 	/System/Library/PrivateFrameworks/AppleJPEG.framework/Versions/A/AppleJPEG
0x00007fff592a3000 	/System/Library/Frameworks/OpenGL.framework/Versions/A/Libraries/libGFXShared.dylib
0x00007fff59466000 	/System/Library/Frameworks/OpenGL.framework/Versions/A/Libraries/libGLU.dylib
0x00007fff592ac000 	/System/Library/Frameworks/OpenGL.framework/Versions/A/Libraries/libGL.dylib
0x00007fff592b8000 	/System/Library/Frameworks/OpenGL.framework/Versions/A/Libraries/libGLImage.dylib
0x00007fff59295000 	/System/Library/Frameworks/OpenGL.framework/Versions/A/Libraries/libCVMSPluginSupport.dylib
0x00007fff5929e000 	/System/Library/Frameworks/OpenGL.framework/Versions/A/Libraries/libCoreVMClient.dylib
0x00007fff7af96000 	/usr/lib/libcups.2.dylib
0x00007fff53ee3000 	/System/Library/Frameworks/Kerberos.framework/Versions/A/Kerberos
0x00007fff524a1000 	/System/Library/Frameworks/GSS.framework/Versions/A/GSS
0x00007fff7c700000 	/usr/lib/libresolv.9.dylib
0x00007fff7b18d000 	/usr/lib/libiconv.2.dylib
0x00007fff6c7cc000 	/System/Library/PrivateFrameworks/Heimdal.framework/Versions/A/Heimdal
0x00007fff7b15c000 	/usr/lib/libheimdal-asn1.dylib
0x00007fff58926000 	/System/Library/Frameworks/OpenDirectory.framework/Versions/A/OpenDirectory
0x00007fff62fef000 	/System/Library/PrivateFrameworks/CommonAuth.framework/Versions/A/CommonAuth
0x00007fff58909000 	/System/Library/Frameworks/OpenDirectory.framework/Versions/A/Frameworks/CFOpenDirectory.framework/Versions/A/CFOpenDirectory
0x00007fff5ba8b000 	/System/Library/Frameworks/SecurityFoundation.framework/Versions/A/SecurityFoundation
0x00007fff5f1e4000 	/System/Library/PrivateFrameworks/APFS.framework/Versions/A/APFS
0x00007fff7cbd0000 	/usr/lib/libutil.dylib
0x00007fff7a632000 	/usr/lib/libcharset.1.dylib
0x00007fff609cc000 	/System/Library/PrivateFrameworks/AppleSauce.framework/Versions/A/AppleSauce
0x00007fff60b5a000 	/System/Library/PrivateFrameworks/AssertionServices.framework/Versions/A/AssertionServices
0x00007fff613cd000 	/System/Library/PrivateFrameworks/BaseBoard.framework/Versions/A/BaseBoard
0x00007fff7b561000 	/usr/lib/libmecab.1.0.0.dylib
0x00007fff7b156000 	/usr/lib/libgermantok.dylib
0x00007fff7a3f5000 	/usr/lib/libThaiTokenizer.dylib
0x00007fff79f1c000 	/usr/lib/libChineseTokenizer.dylib
0x00007fff6e362000 	/System/Library/PrivateFrameworks/LanguageModeling.framework/Versions/A/LanguageModeling
0x00007fff63d0a000 	/System/Library/PrivateFrameworks/CoreEmoji.framework/Versions/A/CoreEmoji
0x00007fff6e45a000 	/System/Library/PrivateFrameworks/Lexicon.framework/Versions/A/Lexicon
0x00007fff6e4a2000 	/System/Library/PrivateFrameworks/LinguisticData.framework/Versions/A/LinguisticData
0x00007fff7a633000 	/usr/lib/libcmph.dylib
0x00007fff5bb4c000 	/System/Library/Frameworks/ServiceManagement.framework/Versions/A/ServiceManagement
0x00007fff61320000 	/System/Library/PrivateFrameworks/BackgroundTaskManagement.framework/Versions/A/BackgroundTaskManagement
0x00007fff7ccca000 	/usr/lib/libxslt.1.dylib
0x00007fff4f2b8000 	/System/Library/Frameworks/Carbon.framework/Versions/A/Frameworks/Ink.framework/Versions/A/Ink
0x00007fff77eb7000 	/System/Library/PrivateFrameworks/TextureIO.framework/Versions/A/TextureIO
0x00007fff7a44a000 	/usr/lib/libate.dylib
0x00007fff6503e000 	/System/Library/PrivateFrameworks/CrashReporterSupport.framework/Versions/A/CrashReporterSupport
0x00007fff74ee3000 	/System/Library/PrivateFrameworks/Sharing.framework/Versions/A/Sharing
0x00007fff60eac000 	/System/Library/PrivateFrameworks/AuthKit.framework/Versions/A/AuthKit
0x00007fff602d0000 	/System/Library/PrivateFrameworks/Apple80211.framework/Versions/A/Apple80211
0x00007fff64dfe000 	/System/Library/PrivateFrameworks/CoreUtils.framework/Versions/A/CoreUtils
0x00007fff51b81000 	/System/Library/Frameworks/CoreWLAN.framework/Versions/A/CoreWLAN
0x00007fff525eb000 	/System/Library/Frameworks/IOBluetooth.framework/Versions/A/IOBluetooth
0x00007fff73210000 	/System/Library/PrivateFrameworks/ProtocolBuffer.framework/Versions/A/ProtocolBuffer
0x00007fff6f469000 	/System/Library/PrivateFrameworks/MobileKeyBag.framework/Versions/A/MobileKeyBag
0x00007fff64621000 	/System/Library/PrivateFrameworks/CorePhoneNumbers.framework/Versions/A/CorePhoneNumbers
0x00007fff606e5000 	/System/Library/PrivateFrameworks/AppleIDAuthSupport.framework/Versions/A/AppleIDAuthSupport
0x00007fff6e334000 	/System/Library/PrivateFrameworks/KeychainCircle.framework/Versions/A/KeychainCircle
0x00007fff733dd000 	/System/Library/PrivateFrameworks/ROCKit.framework/Versions/A/ROCKit
0x00007fff64fda000 	/System/Library/PrivateFrameworks/CoreWiFi.framework/Versions/A/CoreWiFi
0x00007fff4f825000 	/System/Library/Frameworks/CoreBluetooth.framework/Versions/A/CoreBluetooth
0x00007fff6522e000 	/System/Library/PrivateFrameworks/DebugSymbols.framework/Versions/A/DebugSymbols
0x00007fff64bb3000 	/System/Library/PrivateFrameworks/CoreSymbolication.framework/Versions/A/CoreSymbolication
0x00007fff776a2000 	/System/Library/PrivateFrameworks/Symbolication.framework/Versions/A/Symbolication
0x00007fff76835000 	/System/Library/PrivateFrameworks/SpeechRecognitionCore.framework/Versions/A/SpeechRecognitionCore
0x0000000101602000 	/Library/Frameworks/R.framework/Versions/3.5/Resources/lib/libRblas.dylib
0x0000000101631000 	/Library/Frameworks/R.framework/Versions/3.5/Resources/lib/libgfortran.3.dylib
0x00000001017bc000 	/Library/Frameworks/R.framework/Versions/3.5/Resources/lib/libquadmath.0.dylib
0x0000000101802000 	/Library/Frameworks/R.framework/Versions/3.5/Resources/lib/libreadline.5.2.dylib
0x0000000101840000 	/Library/Frameworks/R.framework/Versions/3.5/Resources/lib/libomp.dylib
0x00000001018c4000 	/Library/Frameworks/R.framework/Versions/3.5/Resources/lib/libgcc_s.1.dylib
0x00007fff7b854000 	/usr/lib/libncurses.5.4.dylib
0x0000000101f8e000 	/Library/Frameworks/R.framework/Versions/3.5/Resources/library/methods/libs/methods.so
0x0000000101fd9000 	/Library/Frameworks/R.framework/Versions/3.5/Resources/library/utils/libs/utils.so
0x0000000104396000 	/Library/Frameworks/R.framework/Versions/3.5/Resources/library/grDevices/libs/grDevices.so
0x0000000104786000 	/Library/Frameworks/R.framework/Versions/3.5/Resources/library/graphics/libs/graphics.so
0x00000001061df000 	/Library/Frameworks/R.framework/Versions/3.5/Resources/library/stats/libs/stats.so
0x00000001091c9000 	/Library/Frameworks/R.framework/Versions/3.5/Resources/lib/libRlapack.dylib
0x00000001047c9000 	/Library/Frameworks/R.framework/Versions/3.5/Resources/library/grid/libs/grid.so
0x00000001018fb000 	/Library/Frameworks/R.framework/Versions/3.5/Resources/library/lattice/libs/lattice.so
0x000000010b2a3000 	/Library/Frameworks/R.framework/Versions/3.5/Resources/library/Matrix/libs/Matrix.so
0x0000000101fc2000 	/Library/Java/JavaVirtualMachines/jdk1.8.0_172.jdk/Contents/Home/jre/lib/jli/libjli.dylib
0x00007fff4f4ba000 	/System/Library/Frameworks/Cocoa.framework/Versions/A/Cocoa
0x0000000113000000 	/Library/Java/JavaVirtualMachines/jdk1.8.0_172.jdk/Contents/Home/jre/lib/server/libjvm.dylib
0x0000000101fe8000 	/Library/Frameworks/R.framework/Versions/3.5/Resources/library/rJava/libs/rJava.so
0x00000001043e5000 	/Library/Java/JavaVirtualMachines/jdk1.8.0_172.jdk/Contents/Home/jre/lib/libverify.dylib
0x000000010b385000 	/Library/Java/JavaVirtualMachines/jdk1.8.0_172.jdk/Contents/Home/jre/lib/libjava.dylib
0x00000001043f3000 	/Library/Java/JavaVirtualMachines/jdk1.8.0_172.jdk/Contents/Home/jre/lib/libzip.dylib
0x00000001095e1000 	/Library/Frameworks/R.framework/Versions/3.5/Resources/library/randomForest/libs/randomForest.so
0x000000010c185000 	/Library/Frameworks/R.framework/Versions/3.5/Resources/library/digest/libs/digest.so
0x000000012685b000 	/Library/Frameworks/R.framework/Versions/3.5/Resources/library/Rcpp/libs/Rcpp.so
0x00000001268f2000 	/Library/Frameworks/R.framework/Versions/3.5/Resources/lib/libc++.1.dylib
0x000000010b7e9000 	/Library/Frameworks/R.framework/Versions/3.5/Resources/library/htmltools/libs/htmltools.so
0x0000000127e00000 	/Library/Frameworks/R.framework/Versions/3.5/Resources/library/data.table/libs/datatable.so
0x000000010c3d1000 	/Library/Frameworks/R.framework/Versions/3.5/Resources/library/tools/libs/tools.so
0x000000010c7c7000 	/Library/Frameworks/R.framework/Versions/3.5/Resources/library/rlang/libs/rlang.so
0x0000000107f81000 	/Library/Frameworks/R.framework/Versions/3.5/Resources/library/glue/libs/glue.so
0x0000000107f86000 	/Library/Frameworks/R.framework/Versions/3.5/Resources/library/tibble/libs/tibble.so
0x0000000109500000 	/Library/Frameworks/R.framework/Versions/3.5/Resources/library/purrr/libs/purrr.so
0x00000001269ab000 	/Library/Frameworks/R.framework/Versions/3.5/Resources/library/tidyselect/libs/tidyselect.so
0x00000001291bc000 	/Library/Frameworks/R.framework/Versions/3.5/Resources/library/dplyr/libs/dplyr.so
0x0000000129491000 	/Applications/RStudio.app/Contents/MacOS/rsclang/libclang.dylib
0x00007fff7b106000 	/usr/lib/libedit.3.dylib
0x000000012a152000 	/Library/Frameworks/R.framework/Resources/modules//internet.so
0x00007fff7b016000 	/usr/lib/libcurl.4.dylib
0x00007fff7ade9000 	/usr/lib/libcrypto.42.dylib
0x00007fff7ca46000 	/usr/lib/libssl.44.dylib
0x00007fff53efd000 	/System/Library/Frameworks/LDAP.framework/Versions/A/LDAP
0x00007fff78038000 	/System/Library/PrivateFrameworks/TrustEvaluationAgent.framework/Versions/A/TrustEvaluationAgent
0x00007fff7c757000 	/usr/lib/libsasl2.2.dylib
0x00007fff63aef000 	/System/Library/PrivateFrameworks/CoreDaemon.framework/Versions/B/CoreDaemon
0x00007fff609c7000 	/System/Library/PrivateFrameworks/AppleSRP.framework/Versions/A/AppleSRP
0x000000010b624000 	/Library/Frameworks/R.framework/Versions/3.5/Resources/library/colorspace/libs/colorspace.so
0x0000000127ec6000 	/Library/Frameworks/R.framework/Versions/3.5/Resources/library/scales/libs/scales.so
0x00000001095f2000 	/Library/Frameworks/R.framework/Versions/3.5/Resources/library/lazyeval/libs/lazyeval.so
0x0000000127ee0000 	/Library/Frameworks/R.framework/Versions/3.5/Resources/library/plyr/libs/plyr.so
0x0000000107f8b000 	/Library/Frameworks/R.framework/Versions/3.5/Resources/library/sgeostat/libs/sgeostat.so
0x000000010b506000 	/Library/Frameworks/R.framework/Versions/3.5/Resources/library/MASS/libs/MASS.so
0x00000001095f8000 	/Library/Frameworks/R.framework/Versions/3.5/Resources/library/class/libs/class.so
0x000000010b59c000 	/Library/Frameworks/R.framework/Versions/3.5/Resources/library/e1071/libs/e1071.so
0x000000012a7a0000 	/Library/Frameworks/R.framework/Versions/3.5/Resources/library/mclust/libs/mclust.so
0x000000010c3eb000 	/Library/Frameworks/R.framework/Versions/3.5/Resources/library/cluster/libs/cluster.so
0x0000000133000000 	/Library/Frameworks/R.framework/Versions/3.5/Resources/library/mvtnorm/libs/mvtnorm.so
0x0000000130200000 	/Library/Frameworks/R.framework/Versions/3.5/Resources/library/robustbase/libs/robustbase.so
0x000000013022e000 	/Library/Frameworks/R.framework/Versions/3.5/Resources/library/pcaPP/libs/pcaPP.so
0x00000001300d7000 	/Library/Frameworks/R.framework/Versions/3.5/Resources/library/rrcov/libs/rrcov.so
0x000000010c1a5000 	/Library/Frameworks/R.framework/Versions/3.5/Resources/library/nnet/libs/nnet.so
0x000000010c7eb000 	/Library/Frameworks/R.framework/Versions/3.5/Resources/library/sp/libs/sp.so
0x00000001269f1000 	/Library/Frameworks/R.framework/Versions/3.5/Resources/library/curl/libs/curl.so
0x000000013082f000 	/Library/Frameworks/R.framework/Versions/3.5/Resources/library/foreign/libs/foreign.so
0x000000013084e000 	/Library/Frameworks/R.framework/Versions/3.5/Resources/library/haven/libs/haven.so
0x00000001308cd000 	/Library/Frameworks/R.framework/Versions/3.5/Resources/library/zip/libs/zip.so
0x0000000130edb000 	/Library/Frameworks/R.framework/Versions/3.5/Resources/library/openxlsx/libs/openxlsx.so
0x000000013165b000 	/Library/Frameworks/R.framework/Versions/3.5/Resources/library/readxl/libs/readxl.so
0x000000013236f000 	/Library/Frameworks/R.framework/Versions/3.5/Resources/library/ranger/libs/ranger.so
0x000000010b486000 	/Library/Frameworks/R.framework/Versions/3.5/Resources/library/zoo/libs/zoo.so
0x000000010c1af000 	/Library/Frameworks/R.framework/Versions/3.5/Resources/library/lmtest/libs/lmtest.so
0x0000000130972000 	/Library/Frameworks/R.framework/Versions/3.5/Resources/library/VIM/libs/VIM.so
0x000000010c7f6000 	/Library/Frameworks/R.framework/Versions/3.5/Resources/library/diptest/libs/diptest.so
0x0000000130992000 	/Library/Frameworks/R.framework/Versions/3.5/Resources/library/kernlab/libs/kernlab.so
0x000000010b5b8000 	/Library/Frameworks/R.framework/Versions/3.5/Resources/library/sROC/libs/sROC.so
0x000000010c7fb000 	/Library/Frameworks/R.framework/Versions/3.5/Resources/library/splines/libs/splines.so
0x000000012a75e000 	/Library/Frameworks/R.framework/Versions/3.5/Resources/library/survival/libs/survival.so
0x0000000127ef6000 	/Library/Frameworks/R.framework/Versions/3.5/Resources/library/truncnorm/libs/truncnorm.so
0x000000012a795000 	/Library/Frameworks/R.framework/Versions/3.5/Resources/library/robCompositions/libs/robCompositions.so
0x00000001300ee000 	/Library/Frameworks/R.framework/Versions/3.5/Resources/library/acepack/libs/acepack.so
0x000000012a799000 	/Library/Frameworks/R.framework/Versions/3.5/Resources/library/base64enc/libs/base64enc.so
0x00000001302bc000 	/Library/Frameworks/R.framework/Versions/3.5/Resources/library/rpart/libs/rpart.so
0x00000001302cf000 	/Library/Frameworks/R.framework/Versions/3.5/Resources/library/checkmate/libs/checkmate.so
0x000000012a7f7000 	/Library/Frameworks/R.framework/Versions/3.5/Resources/library/backports/libs/backports.so
0x0000000134000000 	/Library/Frameworks/R.framework/Versions/3.5/Resources/library/stringi/libs/stringi.so
0x00000001302e2000 	/Library/Frameworks/R.framework/Versions/3.5/Resources/library/Hmisc/libs/Hmisc.so
0x0000000130661000 	/Library/Frameworks/R.framework/Versions/3.5/Resources/library/arules/libs/arules.so
0x0000000130b04000 	/Library/Frameworks/R.framework/Versions/3.5/Resources/library/nlme/libs/nlme.so
0x0000000130b1f000 	/Library/Frameworks/R.framework/Versions/3.5/Resources/library/tidyr/libs/tidyr.so
0x0000000130eaa000 	/Library/Frameworks/R.framework/Versions/3.5/Resources/library/minqa/libs/minqa.so
0x0000000130f62000 	/Library/Frameworks/R.framework/Versions/3.5/Resources/library/nloptr/libs/nloptr.so
0x000000013119e000 	/Library/Frameworks/R.framework/Versions/3.5/Resources/library/lme4/libs/lme4.so
0x0000000136218000 	/Library/Frameworks/R.framework/Versions/3.5/Resources/library/jomo/libs/jomo.so
0x00000001302eb000 	/Library/Frameworks/R.framework/Versions/3.5/Resources/library/pan/libs/pan.so
0x0000000130b43000 	/Library/Frameworks/R.framework/Versions/3.5/Resources/library/parallel/libs/parallel.so
0x0000000130ff7000 	/Library/Frameworks/R.framework/Versions/3.5/Resources/library/mice/libs/mice.so
0x00000001324d5000 	/Library/Frameworks/R.framework/Versions/3.5/Resources/library/Amelia/libs/Amelia.so
0x000000013100e000 	/Library/Frameworks/R.framework/Versions/3.5/Resources/library/xts/libs/xts.so
0x0000000130b4c000 	/Library/Frameworks/R.framework/Versions/3.5/Resources/library/quadprog/libs/quadprog.so
0x0000000131237000 	/Library/Frameworks/R.framework/Versions/3.5/Resources/library/PerformanceAnalytics/libs/PerformanceAnalytics.so
0x000000013144f000 	/Library/Frameworks/R.framework/Versions/3.5/Resources/library/reshape2/libs/reshape2.so
0x000000013161a000 	/Library/Frameworks/R.framework/Versions/3.5/Resources/library/ModelMetrics/libs/ModelMetrics.so
0x0000000130b54000 	/Library/Frameworks/R.framework/Versions/3.5/Resources/library/gower/libs/gower.so
0x0000000131028000 	/Library/Frameworks/R.framework/Versions/3.5/Resources/library/prodlim/libs/prodlim.so
0x000000012a7fb000 	/Library/Frameworks/R.framework/Versions/3.5/Resources/library/ipred/libs/ipred.so
0x00000001337bb000 	/Library/Frameworks/R.framework/Versions/3.5/Resources/library/lubridate/libs/lubridate.so
0x00000001300f9000 	/Library/Frameworks/R.framework/Versions/3.5/Resources/library/caret/libs/caret.so
0x000000013124f000 	/Library/Frameworks/R.framework/Versions/3.5/Resources/library/XML/libs/XML.so
0x0000000130b5c000 	/Library/Frameworks/R.framework/Versions/3.5/Resources/library/gtools/libs/gtools.so
0x00007fff5427e000 	/System/Library/Frameworks/MediaToolbox.framework/Versions/A/MediaToolbox
0x00007fff63890000 	/System/Library/PrivateFrameworks/CoreAVCHD.framework/Versions/A/CoreAVCHD
0x00007fff541ba000 	/System/Library/Frameworks/MediaAccessibility.framework/Versions/A/MediaAccessibility
0x00007fff6ed06000 	/System/Library/PrivateFrameworks/Mangrove.framework/Versions/A/Mangrove
0x00007fff50e35000 	/System/Library/Frameworks/CoreMedia.framework/Versions/A/CoreMedia
0x00007fff5c1de000 	/System/Library/Frameworks/VideoToolbox.framework/Versions/A/VideoToolbox
0x00007fff634b8000 	/System/Library/PrivateFrameworks/CoreAUC.framework/Versions/A/CoreAUC
0x00007fff7c76a000 	/usr/lib/libspindump.dylib
0x00007fff60abf000 	/System/Library/PrivateFrameworks/AppleVA.framework/Versions/A/AppleVA
0x00007fff647b8000 	/System/Library/PrivateFrameworks/CoreServicesInternal.framework/Versions/A/CoreServicesInternal
0x00007fff4c00e000 	/System/Library/Frameworks/Accelerate.framework/Versions/A/Frameworks/vImage.framework/Versions/A/Libraries/libCGInterfaces.dylib
0x0000000130694000 	/Library/Frameworks/R.framework/Resources/modules//lapack.so
0x000000010c3a6000 	/Library/Frameworks/R.framework/Versions/3.5/Resources/library/BBmisc/libs/BBmisc.so
0x000000010c3ab000 	/Library/Frameworks/R.framework/Versions/3.5/Resources/library/fastmatch/libs/fastmatch.so
0x000000010c3b3000 	/Library/Frameworks/R.framework/Versions/3.5/Resources/library/ParamHelpers/libs/ParamHelpers.so
0x000000010c3b8000 	/Library/Frameworks/R.framework/Versions/3.5/Resources/library/mlr/libs/mlr.so
0x000000012a3b8000 	/Library/Frameworks/R.framework/Versions/3.5/Resources/library/RANN/libs/RANN.so
0x000000012a3cc000 	/Library/Frameworks/R.framework/Versions/3.5/Resources/library/FNN/libs/FNN.so
0x000000010c3c4000 	/Library/Frameworks/R.framework/Versions/3.5/Resources/library/TTR/libs/TTR.so
0x000000012a398000 	/Library/Frameworks/R.framework/Versions/3.5/Resources/library/bitops/libs/bitops.so
0x000000012a39d000 	/Library/Frameworks/R.framework/Versions/3.5/Resources/library/caTools/libs/caTools.so
0x000000012a3ac000 	/Library/Frameworks/R.framework/Versions/3.5/Resources/library/KernSmooth/libs/KernSmooth.so

VM Arguments:
jvm_args: -Djava.awt.headless=true -Xmx512m --add-opens=java.base/java.lang=ALL-UNNAMED vfprintf exit 
java_command: <unknown>
java_class_path (initial): /Library/Frameworks/R.framework/Versions/3.5/Resources/library/rJava/java/boot
Launcher Type: generic

Environment Variables:
PATH=/usr/bin:/bin:/usr/sbin:/sbin:/usr/local/bin:/Library/TeX/texbin:/usr/local/share/dotnet:/opt/X11/bin:/Library/Frameworks/Mono.framework/Versions/Current/Commands:/Applications/Xamarin Workbooks.app/Contents/SharedSupport/path-bin
LD_LIBRARY_PATH=:@JAVA_LD@
SHELL=/bin/bash
DISPLAY=/private/tmp/com.apple.launchd.cKw5XfFyaz/org.macosforge.xquartz:0
DYLD_LIBRARY_PATH=/Library/Java/JavaVirtualMachines/jdk1.8.0_172.jdk/Contents/Home/jre/lib/server
DYLD_FALLBACK_LIBRARY_PATH=/Library/Frameworks/R.framework/Resources/lib:/Users/mrsasuu/lib:/usr/local/lib:/usr/lib:::/lib:/Library/Java/JavaVirtualMachines/jdk-9.jdk/Contents/Home/lib/server

Signal Handlers:
SIGSEGV: [libjvm.dylib+0x5b6fd9], sa_mask[0]=11111111011111110111111111111111, sa_flags=SA_ONSTACK|SA_RESTART|SA_SIGINFO
SIGBUS: [libjvm.dylib+0x5b6fd9], sa_mask[0]=11111111011111110111111111111111, sa_flags=SA_RESTART|SA_SIGINFO
SIGFPE: [libjvm.dylib+0x48c8e8], sa_mask[0]=11111111011111110111111111111111, sa_flags=SA_RESTART|SA_SIGINFO
SIGPIPE: [libjvm.dylib+0x48c8e8], sa_mask[0]=11111111011111110111111111111111, sa_flags=SA_RESTART|SA_SIGINFO
SIGXFSZ: [libjvm.dylib+0x48c8e8], sa_mask[0]=11111111011111110111111111111111, sa_flags=SA_RESTART|SA_SIGINFO
SIGILL: [libjvm.dylib+0x48c8e8], sa_mask[0]=11111111011111110111111111111111, sa_flags=SA_RESTART|SA_SIGINFO
SIGUSR1: SIG_IGN, sa_mask[0]=00000000000000000000000000000000, sa_flags=none
SIGUSR2: SIG_IGN, sa_mask[0]=00000000000000000000000000000000, sa_flags=none
SIGHUP: [libjvm.dylib+0x48a9d1], sa_mask[0]=11111111011111110111111111111111, sa_flags=SA_RESTART|SA_SIGINFO
SIGINT: [libjvm.dylib+0x48a9d1], sa_mask[0]=00000000000000000000000000000000, sa_flags=SA_RESTART
SIGTERM: [libjvm.dylib+0x48a9d1], sa_mask[0]=11111111011111110111111111111111, sa_flags=SA_RESTART|SA_SIGINFO
SIGQUIT: [libjvm.dylib+0x48a9d1], sa_mask[0]=11111111011111110111111111111111, sa_flags=SA_RESTART|SA_SIGINFO


---------------  S Y S T E M  ---------------

OS:Bsduname:Darwin 18.2.0 Darwin Kernel Version 18.2.0: Fri Oct  5 19:41:49 PDT 2018; root:xnu-4903.221.2~2/RELEASE_X86_64 x86_64
rlimit: STACK 8192k, CORE 0k, NPROC 1418, NOFILE 12544, AS infinity
load average:2.60 2.31 2.46

CPU:total 8 (initial active 8) (4 cores per cpu, 2 threads per core) family 6 model 158 stepping 9, cmov, cx8, fxsr, mmx, sse, sse2, sse3, ssse3, sse4.1, sse4.2, popcnt, avx, avx2, aes, clmul, erms, rtm, 3dnowpref, lzcnt, ht, tsc, tscinvbit, bmi1, bmi2, adx

Memory: 4k page, physical 16777216k(148340k free)

/proc/meminfo:


vm_info: Java HotSpot(TM) 64-Bit Server VM (25.172-b11) for bsd-amd64 JRE (1.8.0_172-b11), built on Mar 28 2018 15:38:02 by "java_re" with gcc 4.2.1 (Based on Apple Inc. build 5658) (LLVM build 2336.11.00)

time: Thu Feb 28 03:25:16 2019
elapsed time: 3423 seconds (0d 0h 57m 3s)

